<?xml version="1.0" encoding="UTF-8"?>
<!-- Generated by org.testng.reporters.JUnitReportReporter -->
<testsuite hostname="Sri" failures="0" tests="3" name="comprehensive_5.AutifyTestExecution" time="22.465" errors="0" timestamp="2025-04-06T20:23:56 IST" skipped="0">
  <testcase classname="comprehensive_5.AutifyTestExecution" name="launchApp" time="4.263"/>
  <testcase classname="comprehensive_5.AutifyTestExecution" name="switchWindowValidation" time="6.539"/>
  <testcase classname="comprehensive_5.AutifyTestExecution" name="mandatoryFieldsErrorValidation" time="11.663"/>
</testsuite> <!-- comprehensive_5.AutifyTestExecution -->
