<?xml version="1.0" encoding="UTF-8"?>
<!-- Generated by org.testng.reporters.JUnitReportReporter -->
<testsuite hostname="Sri" failures="0" tests="2" name="comprehensive_8.RestCountriesAPITests" time="2.500" errors="0" timestamp="2025-04-14T23:53:22 IST" skipped="0">
  <testcase classname="comprehensive_8.RestCountriesAPITests" name="testValidCapital" time="0.652"/>
  <testcase classname="comprehensive_8.RestCountriesAPITests" name="testInvalidCapital" time="1.848"/>
</testsuite> <!-- comprehensive_8.RestCountriesAPITests -->
