<?xml version="1.0" encoding="UTF-8"?>
<!-- Generated by org.testng.reporters.JUnitReportReporter -->
<testsuite hostname="Sri" failures="0" tests="3" name="comprehensive_5.AutifyTestExecution" time="23.718" errors="0" timestamp="2025-04-14T21:51:33 IST" skipped="0">
  <testcase classname="comprehensive_5.AutifyTestExecution" name="launchApp" time="5.240"/>
  <testcase classname="comprehensive_5.AutifyTestExecution" name="switchWindowValidation" time="6.703"/>
  <testcase classname="comprehensive_5.AutifyTestExecution" name="mandatoryFieldsErrorValidation" time="11.775"/>
</testsuite> <!-- comprehensive_5.AutifyTestExecution -->
